
================================================================================
[2026-01-11 23:15:33] 执行开始
任务ID: e0cc106d-8f24-4229-856f-e9ab402c8296
任务名称: 操作数据库
执行ID: e0cc106d-8f24-4229-856f-e9ab402c8296_20260111231533863
脚本: E:\WorkSpace\Python\Project\schedule\scripts\db_example.py
参数: 无
===============================================================================
2026-01-11 23:15:34,332 - INFO - === 数据库示例脚本开始执行 ===
2026-01-11 23:15:34,332 - INFO - 当前任务ID: e0cc106d-8f24-4229-856f-e9ab402c8296
2026-01-11 23:15:34,341 - INFO - 任务详情: 操作数据库
2026-01-11 23:15:34,341 - INFO - 脚本路径: scripts\db_example.py
2026-01-11 23:15:34,341 - INFO - 触发类型: interval
2026-01-11 23:15:34,350 - INFO - 运行次数: 56
2026-01-11 23:15:34,352 - INFO - 任务统计已更新: e0cc106d-8f24-4229-856f-e9ab402c8296
2026-01-11 23:15:34,354 - INFO - 执行记录已创建: c817d5fe-1f75-41df-b539-db49f78318cc
2026-01-11 23:15:34,354 - INFO - === 数据库示例脚本执行完成 ===

--------------------------------------------------------------------------------
执行结果: 成功
退出码: 0
耗时: 0.53秒
结束时间: 2026-01-11 23:15:34
================================================================================

================================================================================
[2026-01-11 23:15:43] 执行开始
任务ID: e0cc106d-8f24-4229-856f-e9ab402c8296
任务名称: 操作数据库
执行ID: e0cc106d-8f24-4229-856f-e9ab402c8296_20260111231543867
脚本: E:\WorkSpace\Python\Project\schedule\scripts\db_example.py
参数: 无
================================================================================
2026-01-11 23:15:44,341 - INFO - === 数据库示例脚本开始执行 ===
2026-01-11 23:15:44,341 - INFO - 当前任务ID: e0cc106d-8f24-4229-856f-e9ab402c8296
2026-01-11 23:15:44,349 - INFO - 任务详情: 操作数据库
2026-01-11 23:15:44,350 - INFO - 脚本路径: scripts\db_example.py
2026-01-11 23:15:44,350 - INFO - 触发类型: interval
2026-01-11 23:15:44,350 - INFO - 运行次数: 58
2026-01-11 23:15:44,362 - INFO - 任务统计已更新: e0cc106d-8f24-4229-856f-e9ab402c8296
2026-01-11 23:15:44,364 - INFO - 执行记录已创建: 6f1a182d-6a47-4cf2-a6c2-dd7addc6e2cc
2026-01-11 23:15:44,364 - INFO - === 数据库示例脚本执行完成 ===

--------------------------------------------------------------------------------
执行结果: 成功
退出码: 0
耗时: 0.54秒
结束时间: 2026-01-11 23:15:44
================================================================================

================================================================================
[2026-01-11 23:22:16] 执行开始
任务ID: e0cc106d-8f24-4229-856f-e9ab402c8296
任务名称: 操作数据库
执行ID: e0cc106d-8f24-4229-856f-e9ab402c8296_20260111232216897
脚本: E:\WorkSpace\Python\Project\schedule\scripts\db_example.py
参数: 无
================================================================================
2026-01-11 23:22:17,370 - INFO - === 数据库示例脚本开始执行 ===
2026-01-11 23:22:17,370 - INFO - 当前任务ID: e0cc106d-8f24-4229-856f-e9ab402c8296
2026-01-11 23:22:17,379 - INFO - 任务详情: 操作数据库
2026-01-11 23:22:17,379 - INFO - 脚本路径: scripts\db_example.py
2026-01-11 23:22:17,379 - INFO - 触发类型: interval
2026-01-11 23:22:17,379 - INFO - 运行次数: 62
2026-01-11 23:22:17,383 - INFO - 任务统计已更新: e0cc106d-8f24-4229-856f-e9ab402c8296
2026-01-11 23:22:17,385 - INFO - 执行记录已创建: ed137428-cedf-4482-b0e8-e5c3ad319e0a
2026-01-11 23:22:17,385 - INFO - === 数据库示例脚本执行完成 ===

--------------------------------------------------------------------------------
执行结果: 成功
退出码: 0
耗时: 0.53秒
结束时间: 2026-01-11 23:22:17
================================================================================

================================================================================
[2026-01-11 23:24:15] 执行开始
任务ID: e0cc106d-8f24-4229-856f-e9ab402c8296
任务名称: 操作数据库
执行ID: e0cc106d-8f24-4229-856f-e9ab402c8296_20260111232415681
脚本: E:\WorkSpace\Python\Project\schedule\scripts\db_example.py
参数: 无
================================================================================
2026-01-11 23:24:16,164 - INFO - === 数据库示例脚本开始执行 ===
2026-01-11 23:24:16,164 - INFO - 当前任务ID: e0cc106d-8f24-4229-856f-e9ab402c8296
2026-01-11 23:24:16,173 - INFO - 任务详情: 操作数据库
2026-01-11 23:24:16,173 - INFO - 脚本路径: scripts\db_example.py
2026-01-11 23:24:16,173 - INFO - 触发类型: interval
2026-01-11 23:24:16,173 - INFO - 运行次数: 64
2026-01-11 23:24:16,177 - INFO - 任务统计已更新: e0cc106d-8f24-4229-856f-e9ab402c8296
2026-01-11 23:24:16,179 - INFO - 执行记录已创建: ec1b33f9-99c9-4254-a328-e588d82a0cc1
2026-01-11 23:24:16,179 - INFO - === 数据库示例脚本执行完成 ===

--------------------------------------------------------------------------------
执行结果: 成功
退出码: 0
耗时: 0.54秒
结束时间: 2026-01-11 23:24:16
================================================================================

================================================================================
[2026-01-11 23:24:23] 执行开始
任务ID: e0cc106d-8f24-4229-856f-e9ab402c8296
任务名称: 操作数据库
执行ID: e0cc106d-8f24-4229-856f-e9ab402c8296_20260111232423867
脚本: E:\WorkSpace\Python\Project\schedule\scripts\db_example.py
参数: 无
================================================================================
2026-01-11 23:24:24,361 - INFO - === 数据库示例脚本开始执行 ===
2026-01-11 23:24:24,361 - INFO - 当前任务ID: e0cc106d-8f24-4229-856f-e9ab402c8296
2026-01-11 23:24:24,394 - INFO - 任务详情: 操作数据库
2026-01-11 23:24:24,394 - INFO - 脚本路径: scripts\db_example.py
2026-01-11 23:24:24,394 - INFO - 触发类型: interval
2026-01-11 23:24:24,394 - INFO - 运行次数: 66
2026-01-11 23:24:24,398 - INFO - 任务统计已更新: e0cc106d-8f24-4229-856f-e9ab402c8296
2026-01-11 23:24:24,401 - INFO - 执行记录已创建: 15c32a7f-ee0d-4394-845b-e8e863acbebc
2026-01-11 23:24:24,401 - INFO - === 数据库示例脚本执行完成 ===

--------------------------------------------------------------------------------
执行结果: 成功
退出码: 0
耗时: 0.57秒
结束时间: 2026-01-11 23:24:24
================================================================================

================================================================================
[2026-01-11 23:24:33] 执行开始
任务ID: e0cc106d-8f24-4229-856f-e9ab402c8296
任务名称: 操作数据库
执行ID: e0cc106d-8f24-4229-856f-e9ab402c8296_20260111232433871
脚本: E:\WorkSpace\Python\Project\schedule\scripts\db_example.py
参数: 无
================================================================================
2026-01-11 23:24:34,367 - INFO - === 数据库示例脚本开始执行 ===
2026-01-11 23:24:34,367 - INFO - 当前任务ID: e0cc106d-8f24-4229-856f-e9ab402c8296
2026-01-11 23:24:34,396 - INFO - 任务详情: 操作数据库
2026-01-11 23:24:34,396 - INFO - 脚本路径: scripts\db_example.py
2026-01-11 23:24:34,396 - INFO - 触发类型: interval
2026-01-11 23:24:34,396 - INFO - 运行次数: 68
2026-01-11 23:24:34,408 - INFO - 任务统计已更新: e0cc106d-8f24-4229-856f-e9ab402c8296
2026-01-11 23:24:34,410 - INFO - 执行记录已创建: 94eeb120-9a58-4837-a115-4d10fb8a374e
2026-01-11 23:24:34,410 - INFO - === 数据库示例脚本执行完成 ===

--------------------------------------------------------------------------------
执行结果: 成功
退出码: 0
耗时: 0.60秒
结束时间: 2026-01-11 23:24:34
================================================================================
