
================================================================================
[2026-01-11 23:31:21] 执行开始
任务ID: eaede221-e537-495b-893e-b4b47c154f27
任务名称: 数据库测试
执行ID: eaede221-e537-495b-893e-b4b47c154f27_20260111233121670
脚本: E:\WorkSpace\Python\Project\schedule\scripts\db_helper_example.py
参数: 无
================================================================================
2026-01-11 23:31:22,206 - INFO - ==================================================
2026-01-11 23:31:22,206 - INFO - 数据库操作示例开始
2026-01-11 23:31:22,206 - INFO - ==================================================
2026-01-11 23:31:22,207 - INFO - === 方法1: 上下文管理器 ===
2026-01-11 23:31:22,248 - INFO - 找到 1 个启用的任务
2026-01-11 23:31:22,248 - INFO -   - 数据库测试
2026-01-11 23:31:22,248 - INFO - 
2026-01-11 23:31:22,248 - INFO - === 方法2: 装饰器 ===
2026-01-11 23:31:22,249 - INFO - 第一个任务: 任务二
2026-01-11 23:31:22,249 - INFO - 
2026-01-11 23:31:22,249 - INFO - === 方法3: DatabaseHelper 辅助类 ===
2026-01-11 23:31:22,251 - INFO - 第一个任务: 任务二
2026-01-11 23:31:22,252 - INFO - 启用任务数: 1
2026-01-11 23:31:22,252 - INFO -   - 数据库测试
2026-01-11 23:31:22,252 - INFO - 
2026-01-11 23:31:22,252 - INFO - === 方法4: execute 执行复杂操作 ===
2026-01-11 23:31:22,254 - INFO - 统计结果: 总任务=5, 启用=1, 最近执行=3
2026-01-11 23:31:22,254 - INFO - 
2026-01-11 23:31:22,254 - INFO - 处理当前任务: eaede221-e537-495b-893e-b4b47c154f27
2026-01-11 23:31:22,254 - INFO - ------------------------------
2026-01-11 23:31:22,256 - INFO - 任务名称: 数据库测试
2026-01-11 23:31:22,256 - INFO - 脚本路径: scripts\db_helper_example.py
2026-01-11 23:31:22,256 - INFO - 触发类型: interval
2026-01-11 23:31:22,256 - INFO - 是否启用: True
2026-01-11 23:31:22,256 - INFO - 运行次数: 23
2026-01-11 23:31:22,256 - INFO - 成功次数: 0
2026-01-11 23:31:22,256 - INFO - 失败次数: 23
2026-01-11 23:31:22,256 - INFO - 描述: 无
2026-01-11 23:31:22,257 - INFO - 最近执行记录:
2026-01-11 23:31:22,257 - INFO -   - running: 2026-01-11 23:31:22
2026-01-11 23:31:22,257 - INFO -   - failed: 2026-01-11 23:30:44
2026-01-11 23:31:22,257 - INFO -   - failed: 2026-01-11 23:30:32
2026-01-11 23:31:22,257 - INFO -   - failed: 2026-01-11 23:30:22
2026-01-11 23:31:22,257 - INFO -   - failed: 2026-01-11 23:30:12
2026-01-11 23:31:22,258 - INFO - 任务 '数据库测试' 统计已更新 (运行24次)
2026-01-11 23:31:22,263 - INFO - 执行记录已创建: 6e508ec5-4f27-4884-862d-e63bdbde11af
2026-01-11 23:31:22,263 - INFO - ==================================================
2026-01-11 23:31:22,263 - INFO - 数据库操作示例完成
2026-01-11 23:31:22,263 - INFO - ==================================================

--------------------------------------------------------------------------------
执行结果: 成功
退出码: 0
耗时: 0.64秒
结束时间: 2026-01-11 23:31:22
================================================================================

================================================================================
[2026-01-11 23:31:24] 执行开始
任务ID: eaede221-e537-495b-893e-b4b47c154f27
任务名称: 数据库测试
执行ID: eaede221-e537-495b-893e-b4b47c154f27_20260111233124123
脚本: E:\WorkSpace\Python\Project\schedule\scripts\db_helper_example.py
参数: 无
================================================================================
2026-01-11 23:31:24,634 - INFO - ==================================================
2026-01-11 23:31:24,634 - INFO - 数据库操作示例开始
2026-01-11 23:31:24,634 - INFO - ==================================================
2026-01-11 23:31:24,634 - INFO - === 方法1: 上下文管理器 ===
2026-01-11 23:31:24,664 - INFO - 找到 1 个启用的任务
2026-01-11 23:31:24,664 - INFO -   - 数据库测试
2026-01-11 23:31:24,664 - INFO - 
2026-01-11 23:31:24,664 - INFO - === 方法2: 装饰器 ===
2026-01-11 23:31:24,666 - INFO - 第一个任务: 任务二
2026-01-11 23:31:24,666 - INFO - 
2026-01-11 23:31:24,666 - INFO - === 方法3: DatabaseHelper 辅助类 ===
2026-01-11 23:31:24,667 - INFO - 第一个任务: 任务二
2026-01-11 23:31:24,668 - INFO - 启用任务数: 1
2026-01-11 23:31:24,668 - INFO -   - 数据库测试
2026-01-11 23:31:24,668 - INFO - 
2026-01-11 23:31:24,668 - INFO - === 方法4: execute 执行复杂操作 ===
2026-01-11 23:31:24,672 - INFO - 统计结果: 总任务=5, 启用=1, 最近执行=3
2026-01-11 23:31:24,672 - INFO - 
2026-01-11 23:31:24,672 - INFO - 处理当前任务: eaede221-e537-495b-893e-b4b47c154f27
2026-01-11 23:31:24,672 - INFO - ------------------------------
2026-01-11 23:31:24,674 - INFO - 任务名称: 数据库测试
2026-01-11 23:31:24,674 - INFO - 脚本路径: scripts\db_helper_example.py
2026-01-11 23:31:24,674 - INFO - 触发类型: interval
2026-01-11 23:31:24,674 - INFO - 是否启用: True
2026-01-11 23:31:24,674 - INFO - 运行次数: 25
2026-01-11 23:31:24,674 - INFO - 成功次数: 2
2026-01-11 23:31:24,674 - INFO - 失败次数: 23
2026-01-11 23:31:24,674 - INFO - 描述: 无
2026-01-11 23:31:24,675 - INFO - 最近执行记录:
2026-01-11 23:31:24,675 - INFO -   - running: 2026-01-11 23:31:24
2026-01-11 23:31:24,675 - INFO -   - success: 2026-01-11 23:31:22
2026-01-11 23:31:24,675 - INFO -   - success: 2026-01-11 23:31:22
2026-01-11 23:31:24,675 - INFO -   - failed: 2026-01-11 23:30:44
2026-01-11 23:31:24,675 - INFO -   - failed: 2026-01-11 23:30:32
2026-01-11 23:31:24,676 - INFO - 任务 '数据库测试' 统计已更新 (运行26次)
2026-01-11 23:31:24,682 - INFO - 执行记录已创建: 568f753b-8b2f-43f6-bfc5-de3eb1932474
2026-01-11 23:31:24,682 - INFO - ==================================================
2026-01-11 23:31:24,682 - INFO - 数据库操作示例完成
2026-01-11 23:31:24,682 - INFO - ==================================================

--------------------------------------------------------------------------------
执行结果: 成功
退出码: 0
耗时: 0.60秒
结束时间: 2026-01-11 23:31:24
================================================================================
